2025-07-31 15:13:46 [main] INFO  baseFunction - Setting Chrome broswer....
2025-07-31 15:13:51 [main] INFO  baseFunction - Launching Sun NXT.....
2025-07-31 15:13:58 [main] INFO  baseFunction - Applying implicit wait of 10 seconds.
2025-07-31 15:13:58 [main] INFO  baseFunction - Applying implicit wait of 5 seconds.
2025-07-31 15:13:59 [main] INFO  baseFunction - Applying implicit wait of 10 seconds.
2025-07-31 15:14:05 [main] INFO  baseFunction - Applying implicit wait of 10 seconds.
2025-07-31 17:09:08 [main] INFO  baseFunction - Setting Chrome broswer....
2025-07-31 17:09:10 [main] INFO  baseFunction - Launching Sun NXT.....
2025-07-31 17:09:20 [main] INFO  baseFunction - Applying implicit wait of 10 seconds.
2025-07-31 17:09:20 [main] INFO  baseFunction - Applying implicit wait of 5 seconds.
2025-07-31 17:09:20 [main] INFO  baseFunction - Applying implicit wait of 10 seconds.
2025-07-31 17:09:28 [main] INFO  baseFunction - Applying implicit wait of 10 seconds.
2025-07-31 17:57:34 [main] INFO  baseFunction - Setting Chrome broswer....
2025-07-31 17:57:37 [main] INFO  baseFunction - Launching Sun NXT.....
2025-07-31 17:58:33 [main] INFO  baseFunction - Setting Chrome broswer....
2025-07-31 17:58:36 [main] INFO  baseFunction - Launching Sun NXT.....
2025-07-31 17:58:47 [main] INFO  baseFunction - Applying implicit wait of 10 seconds.
2025-07-31 17:58:47 [main] INFO  baseFunction - Applying implicit wait of 5 seconds.
2025-07-31 17:58:47 [main] INFO  contentLanguageSelection - Tamil Language has been selected
2025-07-31 17:58:47 [main] INFO  contentLanguageSelection - Telugu Language has been selected
2025-07-31 17:58:47 [main] INFO  baseFunction - Applying implicit wait of 10 seconds.
2025-07-31 17:58:55 [main] WARN  HomepageSunnxt - Caught StaleElementReferenceException. Retrying...
2025-07-31 17:58:55 [main] INFO  HomepageSunnxt - Profile icon clicked
2025-07-31 17:58:55 [main] INFO  HomepageSunnxt - Signin button clicked
2025-07-31 17:58:55 [main] INFO  baseFunction - Applying implicit wait of 10 seconds.
2025-07-31 17:59:48 [main] INFO  baseFunction - Setting Chrome broswer....
2025-07-31 17:59:52 [main] INFO  baseFunction - Launching Sun NXT.....
2025-07-31 18:00:01 [main] INFO  baseFunction - Applying implicit wait of 10 seconds.
2025-07-31 18:00:01 [main] INFO  baseFunction - Applying implicit wait of 5 seconds.
2025-07-31 18:00:01 [main] INFO  contentLanguageSelection - Tamil Language has been selected
2025-07-31 18:00:01 [main] INFO  contentLanguageSelection - Telugu Language has been selected
2025-07-31 18:00:01 [main] INFO  baseFunction - Applying implicit wait of 10 seconds.
2025-07-31 18:00:12 [main] WARN  HomepageSunnxt - Caught StaleElementReferenceException. Retrying...
2025-07-31 18:00:12 [main] INFO  HomepageSunnxt - Profile icon clicked
2025-07-31 18:00:12 [main] INFO  HomepageSunnxt - Signin button clicked
2025-07-31 18:00:12 [main] INFO  baseFunction - Applying implicit wait of 10 seconds.
2025-07-31 18:01:03 [main] INFO  HomepageSunnxt - Profile icon clicked
2025-07-31 18:01:03 [main] INFO  HomepageSunnxt - Logout button clicked
2025-08-01 16:33:04 [main] INFO  baseFunction - Setting Chrome broswer....
2025-08-01 16:33:07 [main] INFO  baseFunction - Launching Sun NXT.....
2025-08-01 16:33:16 [main] INFO  baseFunction - Applying implicit wait of 10 seconds.
2025-08-01 16:33:16 [main] INFO  baseFunction - Applying implicit wait of 5 seconds.
2025-08-01 16:33:16 [main] INFO  contentLanguageSelection - Tamil Language has been selected
2025-08-01 16:33:16 [main] INFO  contentLanguageSelection - Telugu Language has been selected
2025-08-01 16:33:16 [main] INFO  baseFunction - Applying implicit wait of 10 seconds.
2025-08-01 16:33:21 [main] WARN  HomepageSunnxt - Caught StaleElementReferenceException. Retrying...
2025-08-01 16:33:21 [main] INFO  HomepageSunnxt - Profile icon clicked
2025-08-01 16:33:21 [main] INFO  HomepageSunnxt - Signin button clicked
2025-08-01 16:33:21 [main] INFO  baseFunction - Applying implicit wait of 10 seconds.
2025-08-01 16:33:21 [main] INFO  BasePage - Wait for 10 seconds
2025-08-01 16:33:23 [main] INFO  LoginPageSunnxt - Email or Mobile Number has been entered
2025-08-01 16:33:23 [main] INFO  LoginPageSunnxt - Password has been entered
2025-08-01 16:33:23 [main] INFO  LoginPageSunnxt - Login button clicked
2025-08-01 16:34:13 [main] INFO  LoginPageSunnxt - User login successful with username: 9841595069
2025-08-01 16:34:13 [main] INFO  HomepageSunnxt - Profile icon clicked
2025-08-01 16:34:13 [main] INFO  HomepageSunnxt - Logout button clicked
2025-08-01 16:37:09 [main] INFO  baseFunction - Setting Chrome broswer....
2025-08-01 16:37:13 [main] INFO  baseFunction - Launching Sun NXT.....
2025-08-01 16:37:25 [main] INFO  baseFunction - Applying implicit wait of 10 seconds.
2025-08-01 16:38:22 [main] INFO  baseFunction - Setting Chrome broswer....
2025-08-01 16:38:25 [main] INFO  baseFunction - Launching Sun NXT.....
2025-08-01 16:38:35 [main] INFO  baseFunction - Applying implicit wait of 10 seconds.
2025-08-01 16:38:35 [main] INFO  contentLanguageSelection - Tamil Language has been selected
2025-08-01 16:38:35 [main] INFO  contentLanguageSelection - Telugu Language has been selected
2025-08-01 16:38:35 [main] INFO  baseFunction - Applying implicit wait of 10 seconds.
2025-08-01 16:38:46 [main] INFO  HomepageSunnxt - Profile icon clicked
2025-08-01 16:38:46 [main] INFO  HomepageSunnxt - Signin button clicked
2025-08-01 16:38:46 [main] INFO  baseFunction - Applying implicit wait of 10 seconds.
2025-08-01 16:38:46 [main] INFO  BasePage - Wait for 10 seconds
2025-08-01 16:38:46 [main] INFO  LoginPageSunnxt - Email or Mobile Number has been entered
2025-08-01 16:38:46 [main] INFO  LoginPageSunnxt - Password has been entered
2025-08-01 16:38:46 [main] INFO  LoginPageSunnxt - Login button clicked
2025-08-01 16:38:56 [main] WARN  LoginPageSunnxt - User not found: User does not exist. Please sign up.
2025-08-01 16:38:56 [main] INFO  LoginPageSunnxt - Redirected to Sign Up page
2025-08-01 16:39:01 [main] INFO  SignupPageSunnxt - User Id - asgkhbkjk24@hotfail.com
2025-08-01 16:39:01 [main] INFO  SignupPageSunnxt - Profile Name - test
2025-08-01 16:39:01 [main] INFO  SignupPageSunnxt - Selected age 18-25 Years
2025-08-01 16:39:02 [main] INFO  SignupPageSunnxt - Gender selection - Male
2025-08-01 16:39:03 [main] INFO  SignupPageSunnxt - India is selected
2025-08-01 16:39:03 [main] INFO  baseFunction - Applying implicit wait of 15 seconds.
2025-08-01 16:39:04 [main] INFO  SignupPageSunnxt - User has been created
2025-08-01 16:43:54 [main] INFO  baseFunction - Setting Chrome broswer....
2025-08-01 16:43:57 [main] INFO  baseFunction - Launching Sun NXT.....
2025-08-01 16:44:04 [main] INFO  contentLanguageSelection - Tamil Language has been selected
2025-08-01 16:44:04 [main] INFO  baseFunction - Applying implicit wait of 10 seconds.
2025-08-01 16:44:15 [main] INFO  HomepageSunnxt - Profile icon clicked
2025-08-01 16:44:15 [main] INFO  HomepageSunnxt - Signin button clicked
2025-08-01 16:44:15 [main] INFO  BasePage - Wait for 10 seconds
2025-08-01 16:44:15 [main] INFO  LoginPageSunnxt - Email or Mobile Number has been entered
2025-08-01 16:44:16 [main] INFO  LoginPageSunnxt - Password has been entered
2025-08-01 16:44:16 [main] INFO  LoginPageSunnxt - Login button clicked
2025-08-01 16:45:06 [main] INFO  LoginPageSunnxt - User login successful with username: 9841595069
2025-08-01 16:45:06 [main] INFO  baseFunction - Applying implicit wait of 30 seconds.
2025-08-01 16:45:30 [main] INFO  HomepageSunnxt - Extracting all carousel elements...
2025-08-01 16:45:30 [main] INFO  HomepageSunnxt - Targeted carousel: Action Reloaded
2025-08-01 16:45:31 [main] INFO  BasePage - Scrolling........
2025-08-01 16:45:36 [main] INFO  BasePage - Scrolling........
2025-08-01 16:45:41 [main] INFO  BasePage - Scrolling........
2025-08-01 16:45:46 [main] INFO  BasePage - Scrolling........
2025-08-01 16:45:51 [main] INFO  BasePage - Scrolling........
2025-08-01 16:46:32 [main] INFO  ContentDetailPageSunnxt - Trying to click the play button...
2025-08-01 16:47:05 [main] INFO  ContentDetailPageSunnxt - Regular play button found, clicking...
2025-08-01 16:53:14 [main] INFO  baseFunction - Setting Chrome broswer....
2025-08-01 16:53:17 [main] INFO  baseFunction - Launching Sun NXT.....
2025-08-01 16:53:27 [main] INFO  contentLanguageSelection - Tamil Language has been selected
2025-08-01 16:53:27 [main] INFO  baseFunction - Applying implicit wait of 10 seconds.
2025-08-01 16:53:35 [main] INFO  HomepageSunnxt - Profile icon clicked
2025-08-01 16:53:35 [main] INFO  HomepageSunnxt - Signin button clicked
2025-08-01 16:53:35 [main] INFO  BasePage - Wait for 10 seconds
2025-08-01 16:53:36 [main] INFO  LoginPageSunnxt - Email or Mobile Number has been entered
2025-08-01 16:53:36 [main] INFO  LoginPageSunnxt - Password has been entered
2025-08-01 16:53:36 [main] INFO  LoginPageSunnxt - Login button clicked
2025-08-01 16:54:26 [main] INFO  LoginPageSunnxt - User login successful with username: 9841595069
2025-08-01 16:54:26 [main] INFO  baseFunction - Applying implicit wait of 30 seconds.
2025-08-01 16:54:50 [main] INFO  HomepageSunnxt - Extracting all carousel elements...
2025-08-01 16:54:50 [main] INFO  HomepageSunnxt - Targeted carousel: Trending TV Shows
2025-08-01 16:54:51 [main] INFO  BasePage - Scrolling........
2025-08-01 16:55:32 [main] INFO  ContentDetailPageSunnxt - Trying to click the play button...
2025-08-01 16:56:05 [main] INFO  ContentDetailPageSunnxt - Regular play button found, clicking...
